mode: set
github.com/Ilhom5005/wallet/v1/pkg/wallet/service.go:27.78,28.37 1 1
github.com/Ilhom5005/wallet/v1/pkg/wallet/service.go:34.2,41.21 4 1
github.com/Ilhom5005/wallet/v1/pkg/wallet/service.go:28.37,29.28 1 0
github.com/Ilhom5005/wallet/v1/pkg/wallet/service.go:29.28,31.4 1 0
github.com/Ilhom5005/wallet/v1/pkg/wallet/service.go:44.68,45.17 1 1
github.com/Ilhom5005/wallet/v1/pkg/wallet/service.go:48.2,50.33 2 1
github.com/Ilhom5005/wallet/v1/pkg/wallet/service.go:56.2,56.19 1 1
github.com/Ilhom5005/wallet/v1/pkg/wallet/service.go:59.2,60.12 2 1
github.com/Ilhom5005/wallet/v1/pkg/wallet/service.go:45.17,47.3 1 0
github.com/Ilhom5005/wallet/v1/pkg/wallet/service.go:50.33,51.26 1 1
github.com/Ilhom5005/wallet/v1/pkg/wallet/service.go:51.26,53.9 2 1
github.com/Ilhom5005/wallet/v1/pkg/wallet/service.go:56.19,58.3 1 0
github.com/Ilhom5005/wallet/v1/pkg/wallet/service.go:63.74,64.37 1 0
github.com/Ilhom5005/wallet/v1/pkg/wallet/service.go:70.2,75.32 4 0
github.com/Ilhom5005/wallet/v1/pkg/wallet/service.go:64.37,65.30 1 0
github.com/Ilhom5005/wallet/v1/pkg/wallet/service.go:65.30,67.4 1 0
github.com/Ilhom5005/wallet/v1/pkg/wallet/service.go:78.110,79.16 1 1
github.com/Ilhom5005/wallet/v1/pkg/wallet/service.go:82.2,84.33 2 1
github.com/Ilhom5005/wallet/v1/pkg/wallet/service.go:90.3,90.20 1 1
github.com/Ilhom5005/wallet/v1/pkg/wallet/service.go:93.3,93.31 1 1
github.com/Ilhom5005/wallet/v1/pkg/wallet/service.go:96.3,106.22 5 1
github.com/Ilhom5005/wallet/v1/pkg/wallet/service.go:79.16,81.3 1 0
github.com/Ilhom5005/wallet/v1/pkg/wallet/service.go:84.33,85.22 1 1
github.com/Ilhom5005/wallet/v1/pkg/wallet/service.go:85.22,87.9 2 1
github.com/Ilhom5005/wallet/v1/pkg/wallet/service.go:90.20,92.4 1 0
github.com/Ilhom5005/wallet/v1/pkg/wallet/service.go:93.31,95.4 1 0
github.com/Ilhom5005/wallet/v1/pkg/wallet/service.go:109.50,112.37 2 1
github.com/Ilhom5005/wallet/v1/pkg/wallet/service.go:120.2,120.25 1 1
github.com/Ilhom5005/wallet/v1/pkg/wallet/service.go:124.2,125.37 2 1
github.com/Ilhom5005/wallet/v1/pkg/wallet/service.go:132.2,132.26 1 1
github.com/Ilhom5005/wallet/v1/pkg/wallet/service.go:135.2,137.12 3 1
github.com/Ilhom5005/wallet/v1/pkg/wallet/service.go:112.37,113.29 1 1
github.com/Ilhom5005/wallet/v1/pkg/wallet/service.go:113.29,115.9 2 1
github.com/Ilhom5005/wallet/v1/pkg/wallet/service.go:120.25,122.3 1 0
github.com/Ilhom5005/wallet/v1/pkg/wallet/service.go:125.37,126.43 1 1
github.com/Ilhom5005/wallet/v1/pkg/wallet/service.go:126.43,128.9 2 1
github.com/Ilhom5005/wallet/v1/pkg/wallet/service.go:132.26,134.3 1 0
github.com/Ilhom5005/wallet/v1/pkg/wallet/service.go:140.77,141.37 1 1
github.com/Ilhom5005/wallet/v1/pkg/wallet/service.go:146.2,146.32 1 1
github.com/Ilhom5005/wallet/v1/pkg/wallet/service.go:141.37,142.29 1 1
github.com/Ilhom5005/wallet/v1/pkg/wallet/service.go:142.29,144.4 1 1
